

================================================================
== Synthesis Summary Report of 'nco'
================================================================
+ General Information: 
    * Date:           Sat Jun  6 08:43:22 2026
    * Version:        2022.2 (Build 3670227 on Oct 13 2022)
    * Project:        hls_nco
    * Solution:       solution1 (Vivado IP Flow Target)
    * Product family: zynq
    * Target device:  xc7z020-clg484-1
    

+ Performance & Resource Estimates: 
    
    PS: '+' for module; 'o' for loop; '*' for dataflow
    +--------+------+------+---------+--------+----------+---------+------+----------+--------+----+-----------+-----------+-----+
    | Modules| Issue|      | Latency | Latency| Iteration|         | Trip |          |        |    |           |           |     |
    | & Loops| Type | Slack| (cycles)|  (ns)  |  Latency | Interval| Count| Pipelined|  BRAM  | DSP|     FF    |    LUT    | URAM|
    +--------+------+------+---------+--------+----------+---------+------+----------+--------+----+-----------+-----------+-----+
    |+ nco   |     -|  0.97|        1|  10.000|         -|        2|     -|        no|  4 (1%)|   -|  128 (~0%)|  181 (~0%)|    -|
    +--------+------+------+---------+--------+----------+---------+------+----------+--------+----+-----------+-----------+-----+


================================================================
== HW Interfaces
================================================================
* S_AXILITE Interfaces
+------------+------------+---------------+--------+----------+
| Interface  | Data Width | Address Width | Offset | Register |
+------------+------------+---------------+--------+----------+
| s_axi_CTRL | 32         | 4             |        |          |
| s_axi_DATA | 32         | 6             | 16     | 0        |
+------------+------------+---------------+--------+----------+

* S_AXILITE Registers
+------------+------------------+--------+-------+--------+----------------------------------+----------------------------------------------------------------------+
| Interface  | Register         | Offset | Width | Access | Description                      | Bit Fields                                                           |
+------------+------------------+--------+-------+--------+----------------------------------+----------------------------------------------------------------------+
| s_axi_CTRL | CTRL             | 0x00   | 32    | RW     | Control signals                  | 0=AP_START 1=AP_DONE 2=AP_IDLE 3=AP_READY 7=AUTO_RESTART 9=INTERRUPT |
| s_axi_CTRL | GIER             | 0x04   | 32    | RW     | Global Interrupt Enable Register | 0=Enable                                                             |
| s_axi_CTRL | IP_IER           | 0x08   | 32    | RW     | IP Interrupt Enable Register     | 0=CHAN0_INT_EN 1=CHAN1_INT_EN                                        |
| s_axi_CTRL | IP_ISR           | 0x0c   | 32    | RW     | IP Interrupt Status Register     | 0=CHAN0_INT_ST 1=CHAN1_INT_ST                                        |
| s_axi_DATA | sine_sample      | 0x10   | 32    | R      | Data signal of sine_sample       |                                                                      |
| s_axi_DATA | sine_sample_ctrl | 0x14   | 32    | R      | Control signal of sine_sample    | 0=sine_sample_ap_vld                                                 |
| s_axi_DATA | step_size        | 0x20   | 32    | W      | Data signal of step_size         |                                                                      |
+------------+------------------+--------+-------+--------+----------------------------------+----------------------------------------------------------------------+

* TOP LEVEL CONTROL
+-----------+------------+-----------+
| Interface | Type       | Ports     |
+-----------+------------+-----------+
| ap_clk    | clock      | ap_clk    |
| ap_rst_n  | reset      | ap_rst_n  |
| interrupt | interrupt  | interrupt |
| ap_ctrl   | ap_ctrl_hs |           |
+-----------+------------+-----------+


================================================================
== SW I/O Information
================================================================
* Top Function Arguments
+-------------+-----------+---------------------------------------+
| Argument    | Direction | Datatype                              |
+-------------+-----------+---------------------------------------+
| sine_sample | out       | ap_fixed<16, 2, AP_TRN, AP_WRAP, 0>*  |
| step_size   | in        | ap_ufixed<16, 12, AP_TRN, AP_WRAP, 0> |
+-------------+-----------+---------------------------------------+

* SW-to-HW Mapping
+-------------+--------------+----------+--------------------------------------------+
| Argument    | HW Interface | HW Type  | HW Info                                    |
+-------------+--------------+----------+--------------------------------------------+
| sine_sample | s_axi_DATA   | register | name=sine_sample offset=0x10 range=32      |
| sine_sample | s_axi_DATA   | register | name=sine_sample_ctrl offset=0x14 range=32 |
| step_size   | s_axi_DATA   | register | name=step_size offset=0x20 range=32        |
+-------------+--------------+----------+--------------------------------------------+


================================================================
== Bind Op Report
================================================================
+----------------------+-----+--------+-----------+-----+--------+---------+
| Name                 | DSP | Pragma | Variable  | Op  | Impl   | Latency |
+----------------------+-----+--------+-----------+-----+--------+---------+
| + nco                | 0   |        |           |     |        |         |
|   add_ln813_fu_77_p2 | -   |        | add_ln813 | add | fabric | 0       |
+----------------------+-----+--------+-----------+-----+--------+---------+


================================================================
== Bind Storage Report
================================================================
+----------------+------+------+--------+------------+---------+------+---------+
| Name           | BRAM | URAM | Pragma | Variable   | Storage | Impl | Latency |
+----------------+------+------+--------+------------+---------+------+---------+
| + nco          | 4    | 0    |        |            |         |      |         |
|   sine_lut_V_U | 4    | -    |        | sine_lut_V | rom_1p  | auto | 1       |
+----------------+------+------+--------+------------+---------+------+---------+


================================================================
== Pragma Report
================================================================
* Valid Pragma Syntax
+-----------+----------------------------------------+---------------------------------+
| Type      | Options                                | Location                        |
+-----------+----------------------------------------+---------------------------------+
| interface | s_axilite port=return bundle=CTRL      | nco.cpp:424 in nco, return      |
| interface | s_axilite port=sine_sample bundle=DATA | nco.cpp:425 in nco, sine_sample |
| interface | s_axilite port=step_size bundle=DATA   | nco.cpp:426 in nco, step_size   |
+-----------+----------------------------------------+---------------------------------+


