

================================================================
== Vitis HLS Report for 'nco'
================================================================
* Date:           Sat Jun  6 08:43:22 2026

* Version:        2022.2 (Build 3670227 on Oct 13 2022)
* Project:        hls_nco
* Solution:       solution1 (Vivado IP Flow Target)
* Product family: zynq
* Target device:  xc7z020-clg484-1


================================================================
== Performance Estimates
================================================================
+ Timing: 
    * Summary: 
    +--------+----------+----------+------------+
    |  Clock |  Target  | Estimated| Uncertainty|
    +--------+----------+----------+------------+
    |ap_clk  |  10.00 ns|  6.331 ns|     2.70 ns|
    +--------+----------+----------+------------+

+ Latency: 
    * Summary: 
    +---------+---------+-----------+-----------+-----+-----+---------+
    |  Latency (cycles) |   Latency (absolute)  |  Interval | Pipeline|
    |   min   |   max   |    min    |    max    | min | max |   Type  |
    +---------+---------+-----------+-----------+-----+-----+---------+
    |        1|        1|  10.000 ns|  10.000 ns|    2|    2|       no|
    +---------+---------+-----------+-----------+-----+-----+---------+

    + Detail: 
        * Instance: 
        N/A

        * Loop: 
        N/A



================================================================
== Utilization Estimates
================================================================
* Summary: 
+-----------------+---------+-----+--------+-------+-----+
|       Name      | BRAM_18K| DSP |   FF   |  LUT  | URAM|
+-----------------+---------+-----+--------+-------+-----+
|DSP              |        -|    -|       -|      -|    -|
|Expression       |        -|    -|       0|     23|    -|
|FIFO             |        -|    -|       -|      -|    -|
|Instance         |        0|    -|     110|    144|    -|
|Memory           |        4|    -|       0|      0|    -|
|Multiplexer      |        -|    -|       -|     14|    -|
|Register         |        -|    -|      18|      -|    -|
+-----------------+---------+-----+--------+-------+-----+
|Total            |        4|    0|     128|    181|    0|
+-----------------+---------+-----+--------+-------+-----+
|Available        |      280|  220|  106400|  53200|    0|
+-----------------+---------+-----+--------+-------+-----+
|Utilization (%)  |        1|    0|      ~0|     ~0|    0|
+-----------------+---------+-----+--------+-------+-----+

+ Detail: 
    * Instance: 
    +--------------+------------+---------+----+----+-----+-----+
    |   Instance   |   Module   | BRAM_18K| DSP| FF | LUT | URAM|
    +--------------+------------+---------+----+----+-----+-----+
    |CTRL_s_axi_U  |CTRL_s_axi  |        0|   0|  36|   40|    0|
    |DATA_s_axi_U  |DATA_s_axi  |        0|   0|  74|  104|    0|
    +--------------+------------+---------+----+----+-----+-----+
    |Total         |            |        0|   0| 110|  144|    0|
    +--------------+------------+---------+----+----+-----+-----+

    * DSP: 
    N/A

    * Memory: 
    +--------------+------------------------+---------+---+----+-----+------+-----+------+-------------+
    |    Memory    |         Module         | BRAM_18K| FF| LUT| URAM| Words| Bits| Banks| W*Bits*Banks|
    +--------------+------------------------+---------+---+----+-----+------+-----+------+-------------+
    |sine_lut_V_U  |sine_lut_V_ROM_AUTO_1R  |        4|  0|   0|    0|  4096|   16|     1|        65536|
    +--------------+------------------------+---------+---+----+-----+------+-----+------+-------------+
    |Total         |                        |        4|  0|   0|    0|  4096|   16|     1|        65536|
    +--------------+------------------------+---------+---+----+-----+------+-----+------+-------------+

    * FIFO: 
    N/A

    * Expression: 
    +--------------------+----------+----+---+----+------------+------------+
    |    Variable Name   | Operation| DSP| FF| LUT| Bitwidth P0| Bitwidth P1|
    +--------------------+----------+----+---+----+------------+------------+
    |add_ln813_fu_77_p2  |         +|   0|  0|  23|          16|          16|
    +--------------------+----------+----+---+----+------------+------------+
    |Total               |          |   0|  0|  23|          16|          16|
    +--------------------+----------+----+---+----+------------+------------+

    * Multiplexer: 
    +-----------+----+-----------+-----+-----------+
    |    Name   | LUT| Input Size| Bits| Total Bits|
    +-----------+----+-----------+-----+-----------+
    |ap_NS_fsm  |  14|          3|    1|          3|
    +-----------+----+-----------+-----+-----------+
    |Total      |  14|          3|    1|          3|
    +-----------+----+-----------+-----+-----------+

    * Register: 
    +-----------+----+----+-----+-----------+
    |    Name   | FF | LUT| Bits| Const Bits|
    +-----------+----+----+-----+-----------+
    |ap_CS_fsm  |   2|   0|    2|          0|
    |temp_V     |  16|   0|   16|          0|
    +-----------+----+----+-----+-----------+
    |Total      |  18|   0|   18|          0|
    +-----------+----+----+-----+-----------+



================================================================
== Interface
================================================================
* Summary: 
+--------------------+-----+-----+------------+--------------+--------------+
|      RTL Ports     | Dir | Bits|  Protocol  | Source Object|    C Type    |
+--------------------+-----+-----+------------+--------------+--------------+
|s_axi_CTRL_AWVALID  |   in|    1|       s_axi|          CTRL|   return void|
|s_axi_CTRL_AWREADY  |  out|    1|       s_axi|          CTRL|   return void|
|s_axi_CTRL_AWADDR   |   in|    4|       s_axi|          CTRL|   return void|
|s_axi_CTRL_WVALID   |   in|    1|       s_axi|          CTRL|   return void|
|s_axi_CTRL_WREADY   |  out|    1|       s_axi|          CTRL|   return void|
|s_axi_CTRL_WDATA    |   in|   32|       s_axi|          CTRL|   return void|
|s_axi_CTRL_WSTRB    |   in|    4|       s_axi|          CTRL|   return void|
|s_axi_CTRL_ARVALID  |   in|    1|       s_axi|          CTRL|   return void|
|s_axi_CTRL_ARREADY  |  out|    1|       s_axi|          CTRL|   return void|
|s_axi_CTRL_ARADDR   |   in|    4|       s_axi|          CTRL|   return void|
|s_axi_CTRL_RVALID   |  out|    1|       s_axi|          CTRL|   return void|
|s_axi_CTRL_RREADY   |   in|    1|       s_axi|          CTRL|   return void|
|s_axi_CTRL_RDATA    |  out|   32|       s_axi|          CTRL|   return void|
|s_axi_CTRL_RRESP    |  out|    2|       s_axi|          CTRL|   return void|
|s_axi_CTRL_BVALID   |  out|    1|       s_axi|          CTRL|   return void|
|s_axi_CTRL_BREADY   |   in|    1|       s_axi|          CTRL|   return void|
|s_axi_CTRL_BRESP    |  out|    2|       s_axi|          CTRL|   return void|
|s_axi_DATA_AWVALID  |   in|    1|       s_axi|          DATA|        scalar|
|s_axi_DATA_AWREADY  |  out|    1|       s_axi|          DATA|        scalar|
|s_axi_DATA_AWADDR   |   in|    6|       s_axi|          DATA|        scalar|
|s_axi_DATA_WVALID   |   in|    1|       s_axi|          DATA|        scalar|
|s_axi_DATA_WREADY   |  out|    1|       s_axi|          DATA|        scalar|
|s_axi_DATA_WDATA    |   in|   32|       s_axi|          DATA|        scalar|
|s_axi_DATA_WSTRB    |   in|    4|       s_axi|          DATA|        scalar|
|s_axi_DATA_ARVALID  |   in|    1|       s_axi|          DATA|        scalar|
|s_axi_DATA_ARREADY  |  out|    1|       s_axi|          DATA|        scalar|
|s_axi_DATA_ARADDR   |   in|    6|       s_axi|          DATA|        scalar|
|s_axi_DATA_RVALID   |  out|    1|       s_axi|          DATA|        scalar|
|s_axi_DATA_RREADY   |   in|    1|       s_axi|          DATA|        scalar|
|s_axi_DATA_RDATA    |  out|   32|       s_axi|          DATA|        scalar|
|s_axi_DATA_RRESP    |  out|    2|       s_axi|          DATA|        scalar|
|s_axi_DATA_BVALID   |  out|    1|       s_axi|          DATA|        scalar|
|s_axi_DATA_BREADY   |   in|    1|       s_axi|          DATA|        scalar|
|s_axi_DATA_BRESP    |  out|    2|       s_axi|          DATA|        scalar|
|ap_clk              |   in|    1|  ap_ctrl_hs|           nco|  return value|
|ap_rst_n            |   in|    1|  ap_ctrl_hs|           nco|  return value|
|interrupt           |  out|    1|  ap_ctrl_hs|           nco|  return value|
+--------------------+-----+-----+------------+--------------+--------------+

