

================================================================
== Vitis HLS Report for 'nco'
================================================================
* Date:           Sat Jun  6 08:43:22 2026

* Version:        2022.2 (Build 3670227 on Oct 13 2022)
* Project:        hls_nco
* Solution:       solution1 (Vivado IP Flow Target)
* Product family: zynq
* Target device:  xc7z020-clg484-1


================================================================
== Performance Estimates
================================================================
+ Timing: 
    * Summary: 
    +--------+----------+----------+------------+
    |  Clock |  Target  | Estimated| Uncertainty|
    +--------+----------+----------+------------+
    |ap_clk  |  10.00 ns|  6.331 ns|     2.70 ns|
    +--------+----------+----------+------------+

+ Latency: 
    * Summary: 
    +---------+---------+-----------+-----------+-----+-----+---------+
    |  Latency (cycles) |   Latency (absolute)  |  Interval | Pipeline|
    |   min   |   max   |    min    |    max    | min | max |   Type  |
    +---------+---------+-----------+-----------+-----+-----+---------+
    |        1|        1|  10.000 ns|  10.000 ns|    2|    2|       no|
    +---------+---------+-----------+-----------+-----+-----+---------+

    + Detail: 
        * Instance: 
        N/A

        * Loop: 
        N/A



================================================================
== Utilization Estimates
================================================================
* Summary: 
+-----------------+---------+-----+--------+-------+-----+
|       Name      | BRAM_18K| DSP |   FF   |  LUT  | URAM|
+-----------------+---------+-----+--------+-------+-----+
|DSP              |        -|    -|       -|      -|    -|
|Expression       |        -|    -|       0|     23|    -|
|FIFO             |        -|    -|       -|      -|    -|
|Instance         |        0|    -|     110|    144|    -|
|Memory           |        4|    -|       0|      0|    -|
|Multiplexer      |        -|    -|       -|     14|    -|
|Register         |        -|    -|      18|      -|    -|
+-----------------+---------+-----+--------+-------+-----+
|Total            |        4|    0|     128|    181|    0|
+-----------------+---------+-----+--------+-------+-----+
|Available        |      280|  220|  106400|  53200|    0|
+-----------------+---------+-----+--------+-------+-----+
|Utilization (%)  |        1|    0|      ~0|     ~0|    0|
+-----------------+---------+-----+--------+-------+-----+

+ Detail: 
    * Instance: 
    +--------------+------------+---------+----+----+-----+-----+
    |   Instance   |   Module   | BRAM_18K| DSP| FF | LUT | URAM|
    +--------------+------------+---------+----+----+-----+-----+
    |CTRL_s_axi_U  |CTRL_s_axi  |        0|   0|  36|   40|    0|
    |DATA_s_axi_U  |DATA_s_axi  |        0|   0|  74|  104|    0|
    +--------------+------------+---------+----+----+-----+-----+
    |Total         |            |        0|   0| 110|  144|    0|
    +--------------+------------+---------+----+----+-----+-----+

    * DSP: 
    N/A

    * Memory: 
    +--------------+------------------------+---------+---+----+-----+------+-----+------+-------------+
    |    Memory    |         Module         | BRAM_18K| FF| LUT| URAM| Words| Bits| Banks| W*Bits*Banks|
    +--------------+------------------------+---------+---+----+-----+------+-----+------+-------------+
    |sine_lut_V_U  |sine_lut_V_ROM_AUTO_1R  |        4|  0|   0|    0|  4096|   16|     1|        65536|
    +--------------+------------------------+---------+---+----+-----+------+-----+------+-------------+
    |Total         |                        |        4|  0|   0|    0|  4096|   16|     1|        65536|
    +--------------+------------------------+---------+---+----+-----+------+-----+------+-------------+

    * FIFO: 
    N/A

    * Expression: 
    +--------------------+----------+----+---+----+------------+------------+
    |    Variable Name   | Operation| DSP| FF| LUT| Bitwidth P0| Bitwidth P1|
    +--------------------+----------+----+---+----+------------+------------+
    |add_ln813_fu_77_p2  |         +|   0|  0|  23|          16|          16|
    +--------------------+----------+----+---+----+------------+------------+
    |Total               |          |   0|  0|  23|          16|          16|
    +--------------------+----------+----+---+----+------------+------------+

    * Multiplexer: 
    +-----------+----+-----------+-----+-----------+
    |    Name   | LUT| Input Size| Bits| Total Bits|
    +-----------+----+-----------+-----+-----------+
    |ap_NS_fsm  |  14|          3|    1|          3|
    +-----------+----+-----------+-----+-----------+
    |Total      |  14|          3|    1|          3|
    +-----------+----+-----------+-----+-----------+

    * Register: 
    +-----------+----+----+-----+-----------+
    |    Name   | FF | LUT| Bits| Const Bits|
    +-----------+----+----+-----+-----------+
    |ap_CS_fsm  |   2|   0|    2|          0|
    |temp_V     |  16|   0|   16|          0|
    +-----------+----+----+-----+-----------+
    |Total      |  18|   0|   18|          0|
    +-----------+----+----+-----+-----------+



================================================================
== Interface
================================================================
* Summary: 
+--------------------+-----+-----+------------+--------------+--------------+
|      RTL Ports     | Dir | Bits|  Protocol  | Source Object|    C Type    |
+--------------------+-----+-----+------------+--------------+--------------+
|s_axi_CTRL_AWVALID  |   in|    1|       s_axi|          CTRL|   return void|
|s_axi_CTRL_AWREADY  |  out|    1|       s_axi|          CTRL|   return void|
|s_axi_CTRL_AWADDR   |   in|    4|       s_axi|          CTRL|   return void|
|s_axi_CTRL_WVALID   |   in|    1|       s_axi|          CTRL|   return void|
|s_axi_CTRL_WREADY   |  out|    1|       s_axi|          CTRL|   return void|
|s_axi_CTRL_WDATA    |   in|   32|       s_axi|          CTRL|   return void|
|s_axi_CTRL_WSTRB    |   in|    4|       s_axi|          CTRL|   return void|
|s_axi_CTRL_ARVALID  |   in|    1|       s_axi|          CTRL|   return void|
|s_axi_CTRL_ARREADY  |  out|    1|       s_axi|          CTRL|   return void|
|s_axi_CTRL_ARADDR   |   in|    4|       s_axi|          CTRL|   return void|
|s_axi_CTRL_RVALID   |  out|    1|       s_axi|          CTRL|   return void|
|s_axi_CTRL_RREADY   |   in|    1|       s_axi|          CTRL|   return void|
|s_axi_CTRL_RDATA    |  out|   32|       s_axi|          CTRL|   return void|
|s_axi_CTRL_RRESP    |  out|    2|       s_axi|          CTRL|   return void|
|s_axi_CTRL_BVALID   |  out|    1|       s_axi|          CTRL|   return void|
|s_axi_CTRL_BREADY   |   in|    1|       s_axi|          CTRL|   return void|
|s_axi_CTRL_BRESP    |  out|    2|       s_axi|          CTRL|   return void|
|s_axi_DATA_AWVALID  |   in|    1|       s_axi|          DATA|        scalar|
|s_axi_DATA_AWREADY  |  out|    1|       s_axi|          DATA|        scalar|
|s_axi_DATA_AWADDR   |   in|    6|       s_axi|          DATA|        scalar|
|s_axi_DATA_WVALID   |   in|    1|       s_axi|          DATA|        scalar|
|s_axi_DATA_WREADY   |  out|    1|       s_axi|          DATA|        scalar|
|s_axi_DATA_WDATA    |   in|   32|       s_axi|          DATA|        scalar|
|s_axi_DATA_WSTRB    |   in|    4|       s_axi|          DATA|        scalar|
|s_axi_DATA_ARVALID  |   in|    1|       s_axi|          DATA|        scalar|
|s_axi_DATA_ARREADY  |  out|    1|       s_axi|          DATA|        scalar|
|s_axi_DATA_ARADDR   |   in|    6|       s_axi|          DATA|        scalar|
|s_axi_DATA_RVALID   |  out|    1|       s_axi|          DATA|        scalar|
|s_axi_DATA_RREADY   |   in|    1|       s_axi|          DATA|        scalar|
|s_axi_DATA_RDATA    |  out|   32|       s_axi|          DATA|        scalar|
|s_axi_DATA_RRESP    |  out|    2|       s_axi|          DATA|        scalar|
|s_axi_DATA_BVALID   |  out|    1|       s_axi|          DATA|        scalar|
|s_axi_DATA_BREADY   |   in|    1|       s_axi|          DATA|        scalar|
|s_axi_DATA_BRESP    |  out|    2|       s_axi|          DATA|        scalar|
|ap_clk              |   in|    1|  ap_ctrl_hs|           nco|  return value|
|ap_rst_n            |   in|    1|  ap_ctrl_hs|           nco|  return value|
|interrupt           |  out|    1|  ap_ctrl_hs|           nco|  return value|
+--------------------+-----+-----+------------+--------------+--------------+

============================================================
+ Verbose Summary: Synthesis Manager
============================================================
InlineROM: 1
ExposeGlobal: 0
============================================================
+ Verbose Summary: CDFG Model
============================================================
IsTopModel: 1
ResetActiveHigh: 1
IsCombinational: 2
IsDatapathOnly: 2
HasWiredReturn: 1
HasMFsm: 0
HasVarLatency: 1
IsPipeline: 0
IsRtlPipelined: 0
IsInstanceOverlapped: 0
IsDontTouch: 0
HasImplIP: 0
IsGatedGlobalClock: 0


============================================================
+ Verbose Summary: Schedule
============================================================
* Number of FSM states : 2
* Pipeline : 0
* Dataflow Pipeline: 0

* FSM state transitions: 
1 --> 2 
2 --> 

* FSM state operations: 

State 1 <SV = 0> <Delay = 6.33>
ST_1 : Operation 3 [1/1] (1.00ns)   --->   "%step_size_read = read i16 @_ssdm_op_Read.s_axilite.i16, i16 %step_size" [nco.cpp:421]   --->   Operation 3 'read' 'step_size_read' <Predicate = true> <Delay = 1.00> <CoreInst = "s_axilite">   --->   Core 114 's_axilite' <Latency = 0> <II = 1> <Delay = 1.00> <Adapter> <Opcode : 'read' 'write'>
ST_1 : Operation 4 [1/1] (0.00ns)   --->   "%temp_V_load = load i16 %temp_V"   --->   Operation 4 'load' 'temp_V_load' <Predicate = true> <Delay = 0.00>
ST_1 : Operation 5 [1/1] (2.07ns)   --->   "%add_ln813 = add i16 %temp_V_load, i16 %step_size_read"   --->   Operation 5 'add' 'add_ln813' <Predicate = true> <Delay = 2.07> <CoreInst = "Adder">   --->   Core 1 'Adder' <Latency = 0> <II = 1> <Delay = 2.07> <FuncUnit> <Opcode : 'add' 'sub'> <InPorts = 2> <OutPorts = 1>
ST_1 : Operation 6 [1/1] (0.00ns)   --->   "%store_ln813 = store i16 %add_ln813, i16 %temp_V"   --->   Operation 6 'store' 'store_ln813' <Predicate = true> <Delay = 0.00>
ST_1 : Operation 7 [1/1] (0.00ns)   --->   "%address_V = partselect i12 @_ssdm_op_PartSelect.i12.i16.i32.i32, i16 %add_ln813, i32 4, i32 15"   --->   Operation 7 'partselect' 'address_V' <Predicate = true> <Delay = 0.00>
ST_1 : Operation 8 [1/1] (0.00ns)   --->   "%zext_ln436 = zext i12 %address_V" [nco.cpp:436]   --->   Operation 8 'zext' 'zext_ln436' <Predicate = true> <Delay = 0.00>
ST_1 : Operation 9 [1/1] (0.00ns)   --->   "%sine_lut_V_addr = getelementptr i16 %sine_lut_V, i64 0, i64 %zext_ln436" [nco.cpp:436]   --->   Operation 9 'getelementptr' 'sine_lut_V_addr' <Predicate = true> <Delay = 0.00>
ST_1 : Operation 10 [2/2] (3.25ns)   --->   "%sine_lut_V_load = load i12 %sine_lut_V_addr" [nco.cpp:436]   --->   Operation 10 'load' 'sine_lut_V_load' <Predicate = true> <Delay = 3.25> <CoreInst = "ROM">   --->   Core 95 'ROM' <Latency = 1> <II = 1> <Delay = 3.25> <Storage> <Opcode : 'load'> <Ports = 0> <Width = 16> <Depth = 4096> <ROM>

State 2 <SV = 1> <Delay = 4.25>
ST_2 : Operation 11 [1/1] (0.00ns)   --->   "%spectopmodule_ln421 = spectopmodule void @_ssdm_op_SpecTopModule, void @empty_6" [nco.cpp:421]   --->   Operation 11 'spectopmodule' 'spectopmodule_ln421' <Predicate = true> <Delay = 0.00>
ST_2 : Operation 12 [1/1] (0.00ns)   --->   "%specbitsmap_ln0 = specbitsmap void @_ssdm_op_SpecBitsMap, i16 %sine_sample"   --->   Operation 12 'specbitsmap' 'specbitsmap_ln0' <Predicate = true> <Delay = 0.00>
ST_2 : Operation 13 [1/1] (0.00ns)   --->   "%specinterface_ln0 = specinterface void @_ssdm_op_SpecInterface, i16 %sine_sample, void @empty, i32 0, i32 0, void @empty_0, i32 0, i32 0, void @empty_1, void @empty_2, void @empty_0, i32 0, i32 0, i32 0, i32 0, void @empty_0, void @empty_0, i32 4294967295, i32 0"   --->   Operation 13 'specinterface' 'specinterface_ln0' <Predicate = true> <Delay = 0.00>
ST_2 : Operation 14 [1/1] (0.00ns)   --->   "%specinterface_ln0 = specinterface void @_ssdm_op_SpecInterface, i16 %sine_sample, void @empty_3, i32 0, i32 0, void @empty_0, i32 0, i32 0, void @empty_0, void @empty_0, void @empty_0, i32 0, i32 0, i32 0, i32 0, void @empty_0, void @empty_0, i32 4294967295, i32 0"   --->   Operation 14 'specinterface' 'specinterface_ln0' <Predicate = true> <Delay = 0.00>
ST_2 : Operation 15 [1/1] (0.00ns)   --->   "%specbitsmap_ln0 = specbitsmap void @_ssdm_op_SpecBitsMap, i16 %step_size"   --->   Operation 15 'specbitsmap' 'specbitsmap_ln0' <Predicate = true> <Delay = 0.00>
ST_2 : Operation 16 [1/1] (0.00ns)   --->   "%specinterface_ln0 = specinterface void @_ssdm_op_SpecInterface, i16 %step_size, void @empty, i32 0, i32 0, void @empty_0, i32 0, i32 0, void @empty_1, void @empty_4, void @empty_0, i32 0, i32 0, i32 0, i32 0, void @empty_0, void @empty_0, i32 4294967295, i32 0"   --->   Operation 16 'specinterface' 'specinterface_ln0' <Predicate = true> <Delay = 0.00>
ST_2 : Operation 17 [1/1] (0.00ns)   --->   "%specinterface_ln0 = specinterface void @_ssdm_op_SpecInterface, i16 %step_size, void @empty_3, i32 0, i32 0, void @empty_0, i32 0, i32 0, void @empty_0, void @empty_0, void @empty_0, i32 0, i32 0, i32 0, i32 0, void @empty_0, void @empty_0, i32 4294967295, i32 0"   --->   Operation 17 'specinterface' 'specinterface_ln0' <Predicate = true> <Delay = 0.00>
ST_2 : Operation 18 [1/1] (0.00ns)   --->   "%specinterface_ln0 = specinterface void @_ssdm_op_SpecInterface, i32 0, void @empty, i32 0, i32 0, void @empty_0, i32 0, i32 0, void @empty_5, void @empty_0, void @empty_0, i32 0, i32 0, i32 0, i32 0, void @empty_0, void @empty_0, i32 4294967295, i32 0"   --->   Operation 18 'specinterface' 'specinterface_ln0' <Predicate = true> <Delay = 0.00>
ST_2 : Operation 19 [1/2] (3.25ns)   --->   "%sine_lut_V_load = load i12 %sine_lut_V_addr" [nco.cpp:436]   --->   Operation 19 'load' 'sine_lut_V_load' <Predicate = true> <Delay = 3.25> <CoreInst = "ROM">   --->   Core 95 'ROM' <Latency = 1> <II = 1> <Delay = 3.25> <Storage> <Opcode : 'load'> <Ports = 0> <Width = 16> <Depth = 4096> <ROM>
ST_2 : Operation 20 [1/1] (1.00ns)   --->   "%write_ln436 = write void @_ssdm_op_Write.s_axilite.i16P0A, i16 %sine_sample, i16 %sine_lut_V_load" [nco.cpp:436]   --->   Operation 20 'write' 'write_ln436' <Predicate = true> <Delay = 1.00> <CoreInst = "s_axilite">   --->   Core 114 's_axilite' <Latency = 0> <II = 1> <Delay = 1.00> <Adapter> <Opcode : 'read' 'write'>
ST_2 : Operation 21 [1/1] (0.00ns)   --->   "%ret_ln437 = ret" [nco.cpp:437]   --->   Operation 21 'ret' 'ret_ln437' <Predicate = true> <Delay = 0.00>


============================================================
+ Verbose Summary: Binding
============================================================
STG Binding: 
---------------- STG Properties BEGIN ----------------
- Is combinational: 0
- Is one-state seq: 0
- Is datapath-only: 0
- Is pipelined: 0
- Is top level: 1
Port [ Return ] is wired: 1; IO mode=ap_ctrl_hs:ce=0
Port [ sine_sample]:  wired=1; compound=0; hidden=0; nouse=0; global=0; static=0; extern=0; dir=1; type=0; pingpong=0; private_global=0; IO mode=ap_vld:ce=0
Port [ step_size]:  wired=1; compound=0; hidden=0; nouse=0; global=0; static=0; extern=0; dir=0; type=0; pingpong=0; private_global=0; IO mode=ap_none:ce=0
Port [ temp_V]:  wired=0; compound=0; hidden=1; nouse=0; global=1; static=1; extern=0; dir=2; type=0; pingpong=0; private_global=1; IO mode=ap_ovld:ce=0
Port [ sine_lut_V]:  wired=0; compound=1; hidden=1; nouse=0; global=1; static=1; extern=0; dir=0; type=1; pingpong=0; private_global=1; MemPort=[1]; IO mode=ap_memory:ce=0
---------------- STG Properties END ------------------

---------------- Datapath Model BEGIN ----------------

<LifeTime>
<method=bitvector/>
step_size_read      (read         ) [ 000]
temp_V_load         (load         ) [ 000]
add_ln813           (add          ) [ 000]
store_ln813         (store        ) [ 000]
address_V           (partselect   ) [ 000]
zext_ln436          (zext         ) [ 000]
sine_lut_V_addr     (getelementptr) [ 001]
spectopmodule_ln421 (spectopmodule) [ 000]
specbitsmap_ln0     (specbitsmap  ) [ 000]
specinterface_ln0   (specinterface) [ 000]
specinterface_ln0   (specinterface) [ 000]
specbitsmap_ln0     (specbitsmap  ) [ 000]
specinterface_ln0   (specinterface) [ 000]
specinterface_ln0   (specinterface) [ 000]
specinterface_ln0   (specinterface) [ 000]
sine_lut_V_load     (load         ) [ 000]
write_ln436         (write        ) [ 000]
ret_ln437           (ret          ) [ 000]
</LifeTime>

<model>

<comp_list>
<comp id="0" class="1000" name="sine_sample">
<pin_list>
<pin id="1" dir="1" index="0" bw="1" slack="0"/>
</pin_list>
<bind>
<StgValue><ssdm name="sine_sample"/></StgValue>
</bind>
</comp>

<comp id="2" class="1000" name="step_size">
<pin_list>
<pin id="3" dir="1" index="0" bw="1" slack="0"/>
</pin_list>
<bind>
<StgValue><ssdm name="step_size"/></StgValue>
</bind>
</comp>

<comp id="4" class="1000" name="temp_V">
<pin_list>
<pin id="5" dir="1" index="0" bw="1" slack="0"/>
</pin_list>
<bind>
<StgValue><ssdm name="temp_V"/></StgValue>
</bind>
</comp>

<comp id="6" class="1000" name="sine_lut_V">
<pin_list>
<pin id="7" dir="1" index="0" bw="1" slack="0"/>
</pin_list>
<bind>
<StgValue><ssdm name="sine_lut_V"/><MemPortTyVec>1 </MemPortTyVec>
</StgValue>
</bind>
</comp>

<comp id="8" class="1001" name="const_8">
<pin_list>
<pin id="9" dir="1" index="0" bw="1" slack="0"/>
</pin_list>
<bind>
<StgValue><ssdm name="_ssdm_op_Read.s_axilite.i16"/></StgValue>
</bind>
</comp>

<comp id="10" class="1001" name="const_10">
<pin_list>
<pin id="11" dir="1" index="0" bw="1" slack="0"/>
</pin_list>
<bind>
<StgValue><ssdm name="_ssdm_op_PartSelect.i12.i16.i32.i32"/></StgValue>
</bind>
</comp>

<comp id="12" class="1001" name="const_12">
<pin_list>
<pin id="13" dir="1" index="0" bw="1" slack="0"/>
</pin_list>
<bind>
<StgValue><ssdm name=""/></StgValue>
</bind>
</comp>

<comp id="14" class="1001" name="const_14">
<pin_list>
<pin id="15" dir="1" index="0" bw="1" slack="0"/>
</pin_list>
<bind>
<StgValue><ssdm name=""/></StgValue>
</bind>
</comp>

<comp id="16" class="1001" name="const_16">
<pin_list>
<pin id="17" dir="1" index="0" bw="1" slack="0"/>
</pin_list>
<bind>
<StgValue><ssdm name=""/></StgValue>
</bind>
</comp>

<comp id="18" class="1001" name="const_18">
<pin_list>
<pin id="19" dir="1" index="0" bw="1" slack="2147483647"/>
</pin_list>
<bind>
<StgValue><ssdm name="_ssdm_op_SpecTopModule"/></StgValue>
</bind>
</comp>

<comp id="20" class="1001" name="const_20">
<pin_list>
<pin id="21" dir="1" index="0" bw="1" slack="2147483647"/>
</pin_list>
<bind>
<StgValue><ssdm name="empty_6"/></StgValue>
</bind>
</comp>

<comp id="22" class="1001" name="const_22">
<pin_list>
<pin id="23" dir="1" index="0" bw="1" slack="2147483647"/>
</pin_list>
<bind>
<StgValue><ssdm name="_ssdm_op_SpecBitsMap"/></StgValue>
</bind>
</comp>

<comp id="24" class="1001" name="const_24">
<pin_list>
<pin id="25" dir="1" index="0" bw="1" slack="2147483647"/>
</pin_list>
<bind>
<StgValue><ssdm name="_ssdm_op_SpecInterface"/></StgValue>
</bind>
</comp>

<comp id="26" class="1001" name="const_26">
<pin_list>
<pin id="27" dir="1" index="0" bw="1" slack="2147483647"/>
</pin_list>
<bind>
<StgValue><ssdm name="empty"/></StgValue>
</bind>
</comp>

<comp id="28" class="1001" name="const_28">
<pin_list>
<pin id="29" dir="1" index="0" bw="1" slack="2147483647"/>
</pin_list>
<bind>
<StgValue><ssdm name=""/></StgValue>
</bind>
</comp>

<comp id="30" class="1001" name="const_30">
<pin_list>
<pin id="31" dir="1" index="0" bw="1" slack="2147483647"/>
</pin_list>
<bind>
<StgValue><ssdm name="empty_0"/></StgValue>
</bind>
</comp>

<comp id="32" class="1001" name="const_32">
<pin_list>
<pin id="33" dir="1" index="0" bw="1" slack="2147483647"/>
</pin_list>
<bind>
<StgValue><ssdm name="empty_1"/></StgValue>
</bind>
</comp>

<comp id="34" class="1001" name="const_34">
<pin_list>
<pin id="35" dir="1" index="0" bw="1" slack="2147483647"/>
</pin_list>
<bind>
<StgValue><ssdm name="empty_2"/></StgValue>
</bind>
</comp>

<comp id="36" class="1001" name="const_36">
<pin_list>
<pin id="37" dir="1" index="0" bw="1" slack="2147483647"/>
</pin_list>
<bind>
<StgValue><ssdm name=""/></StgValue>
</bind>
</comp>

<comp id="38" class="1001" name="const_38">
<pin_list>
<pin id="39" dir="1" index="0" bw="1" slack="2147483647"/>
</pin_list>
<bind>
<StgValue><ssdm name="empty_3"/></StgValue>
</bind>
</comp>

<comp id="40" class="1001" name="const_40">
<pin_list>
<pin id="41" dir="1" index="0" bw="1" slack="2147483647"/>
</pin_list>
<bind>
<StgValue><ssdm name="empty_4"/></StgValue>
</bind>
</comp>

<comp id="42" class="1001" name="const_42">
<pin_list>
<pin id="43" dir="1" index="0" bw="1" slack="2147483647"/>
</pin_list>
<bind>
<StgValue><ssdm name="empty_5"/></StgValue>
</bind>
</comp>

<comp id="44" class="1001" name="const_44">
<pin_list>
<pin id="45" dir="1" index="0" bw="1" slack="0"/>
</pin_list>
<bind>
<StgValue><ssdm name="_ssdm_op_Write.s_axilite.i16P0A"/></StgValue>
</bind>
</comp>

<comp id="46" class="1004" name="step_size_read_read_fu_46">
<pin_list>
<pin id="47" dir="0" index="0" bw="16" slack="0"/>
<pin id="48" dir="0" index="1" bw="16" slack="0"/>
<pin id="49" dir="1" index="2" bw="16" slack="0"/>
</pin_list>
<bind>
<opcode="read(1150) " fcode="read"/>
<opset="step_size_read/1 "/>
</bind>
</comp>

<comp id="52" class="1004" name="write_ln436_write_fu_52">
<pin_list>
<pin id="53" dir="0" index="0" bw="0" slack="0"/>
<pin id="54" dir="0" index="1" bw="16" slack="0"/>
<pin id="55" dir="0" index="2" bw="16" slack="0"/>
<pin id="56" dir="1" index="3" bw="0" slack="2147483647"/>
</pin_list>
<bind>
<opcode="write(1151) " fcode="write"/>
<opset="write_ln436/2 "/>
</bind>
</comp>

<comp id="59" class="1004" name="sine_lut_V_addr_gep_fu_59">
<pin_list>
<pin id="60" dir="0" index="0" bw="16" slack="0"/>
<pin id="61" dir="0" index="1" bw="1" slack="0"/>
<pin id="62" dir="0" index="2" bw="12" slack="0"/>
<pin id="63" dir="1" index="3" bw="12" slack="0"/>
</pin_list>
<bind>
<opcode="getelementptr(29) " fcode="getelementptr"/>
<opset="sine_lut_V_addr/1 "/>
</bind>
</comp>

<comp id="66" class="1004" name="grp_access_fu_66">
<pin_list>
<pin id="67" dir="0" index="0" bw="12" slack="0"/>
<pin id="68" dir="0" index="1" bw="16" slack="2147483647"/>
<pin id="69" dir="0" index="2" bw="0" slack="2147483647"/>
<pin id="70" dir="1" index="3" bw="16" slack="0"/>
</pin_list>
<bind>
<opcode="load(27) " fcode="load"/>
<opset="sine_lut_V_load/1 "/>
</bind>
</comp>

<comp id="73" class="1004" name="temp_V_load_load_fu_73">
<pin_list>
<pin id="74" dir="0" index="0" bw="16" slack="0"/>
<pin id="75" dir="1" index="1" bw="16" slack="0"/>
</pin_list>
<bind>
<opcode="load(27) " fcode="load"/>
<opset="temp_V_load/1 "/>
</bind>
</comp>

<comp id="77" class="1004" name="add_ln813_fu_77">
<pin_list>
<pin id="78" dir="0" index="0" bw="16" slack="0"/>
<pin id="79" dir="0" index="1" bw="16" slack="0"/>
<pin id="80" dir="1" index="2" bw="16" slack="0"/>
</pin_list>
<bind>
<opcode="add(8) " fcode="add"/>
<opset="add_ln813/1 "/>
</bind>
</comp>

<comp id="83" class="1004" name="store_ln813_store_fu_83">
<pin_list>
<pin id="84" dir="0" index="0" bw="16" slack="0"/>
<pin id="85" dir="0" index="1" bw="16" slack="0"/>
<pin id="86" dir="1" index="2" bw="0" slack="2147483647"/>
</pin_list>
<bind>
<opcode="store(28) " fcode="store"/>
<opset="store_ln813/1 "/>
</bind>
</comp>

<comp id="89" class="1004" name="address_V_fu_89">
<pin_list>
<pin id="90" dir="0" index="0" bw="12" slack="0"/>
<pin id="91" dir="0" index="1" bw="16" slack="0"/>
<pin id="92" dir="0" index="2" bw="4" slack="0"/>
<pin id="93" dir="0" index="3" bw="5" slack="0"/>
<pin id="94" dir="1" index="4" bw="12" slack="0"/>
</pin_list>
<bind>
<opcode="partselect(1002) " fcode="partselect"/>
<opset="address_V/1 "/>
</bind>
</comp>

<comp id="99" class="1004" name="zext_ln436_fu_99">
<pin_list>
<pin id="100" dir="0" index="0" bw="12" slack="0"/>
<pin id="101" dir="1" index="1" bw="64" slack="0"/>
</pin_list>
<bind>
<opcode="zext(34) " fcode="zext"/>
<opset="zext_ln436/1 "/>
</bind>
</comp>

<comp id="104" class="1005" name="sine_lut_V_addr_reg_104">
<pin_list>
<pin id="105" dir="0" index="0" bw="12" slack="1"/>
<pin id="106" dir="1" index="1" bw="12" slack="1"/>
</pin_list>
<bind>
<opset="sine_lut_V_addr "/>
</bind>
</comp>

</comp_list>

<net_list>
<net id="50"><net_src comp="8" pin="0"/><net_sink comp="46" pin=0"/></net>

<net id="51"><net_src comp="2" pin="0"/><net_sink comp="46" pin=1"/></net>

<net id="57"><net_src comp="44" pin="0"/><net_sink comp="52" pin=0"/></net>

<net id="58"><net_src comp="0" pin="0"/><net_sink comp="52" pin=1"/></net>

<net id="64"><net_src comp="6" pin="0"/><net_sink comp="59" pin=0"/></net>

<net id="65"><net_src comp="16" pin="0"/><net_sink comp="59" pin=1"/></net>

<net id="71"><net_src comp="66" pin="3"/><net_sink comp="52" pin=2"/></net>

<net id="72"><net_src comp="59" pin="3"/><net_sink comp="66" pin=0"/></net>

<net id="76"><net_src comp="4" pin="0"/><net_sink comp="73" pin=0"/></net>

<net id="81"><net_src comp="73" pin="1"/><net_sink comp="77" pin=0"/></net>

<net id="82"><net_src comp="46" pin="2"/><net_sink comp="77" pin=1"/></net>

<net id="87"><net_src comp="77" pin="2"/><net_sink comp="83" pin=0"/></net>

<net id="88"><net_src comp="4" pin="0"/><net_sink comp="83" pin=1"/></net>

<net id="95"><net_src comp="10" pin="0"/><net_sink comp="89" pin=0"/></net>

<net id="96"><net_src comp="77" pin="2"/><net_sink comp="89" pin=1"/></net>

<net id="97"><net_src comp="12" pin="0"/><net_sink comp="89" pin=2"/></net>

<net id="98"><net_src comp="14" pin="0"/><net_sink comp="89" pin=3"/></net>

<net id="102"><net_src comp="89" pin="4"/><net_sink comp="99" pin=0"/></net>

<net id="103"><net_src comp="99" pin="1"/><net_sink comp="59" pin=2"/></net>

<net id="107"><net_src comp="59" pin="3"/><net_sink comp="104" pin=0"/></net>

<net id="108"><net_src comp="104" pin="1"/><net_sink comp="66" pin=0"/></net>

</net_list>

</model> 
---------------- Datapath Model END ------------------

* FSMD analyzer results:
  - Output states:
	Port: sine_sample | {2 }
	Port: temp_V | {1 }
 - Input state : 
	Port: nco : step_size | {1 }
	Port: nco : temp_V | {1 }
	Port: nco : sine_lut_V | {1 2 }
  - Chain level:
	State 1
		add_ln813 : 1
		store_ln813 : 2
		address_V : 2
		zext_ln436 : 3
		sine_lut_V_addr : 4
		sine_lut_V_load : 5
	State 2
		write_ln436 : 1


============================================================
+ Verbose Summary: Datapath Resource usage 
============================================================

* Functional unit list:
|----------|---------------------------|---------|---------|
| Operation|      Functional Unit      |    FF   |   LUT   |
|----------|---------------------------|---------|---------|
|    add   |      add_ln813_fu_77      |    0    |    23   |
|----------|---------------------------|---------|---------|
|   read   | step_size_read_read_fu_46 |    0    |    0    |
|----------|---------------------------|---------|---------|
|   write  |  write_ln436_write_fu_52  |    0    |    0    |
|----------|---------------------------|---------|---------|
|partselect|      address_V_fu_89      |    0    |    0    |
|----------|---------------------------|---------|---------|
|   zext   |      zext_ln436_fu_99     |    0    |    0    |
|----------|---------------------------|---------|---------|
|   Total  |                           |    0    |    23   |
|----------|---------------------------|---------|---------|

Memories:
+----------+--------+--------+--------+
|          |  BRAM  |   FF   |   LUT  |
+----------+--------+--------+--------+
|sine_lut_V|    4   |    0   |    0   |
+----------+--------+--------+--------+
|   Total  |    4   |    0   |    0   |
+----------+--------+--------+--------+

* Register list:
+-----------------------+--------+
|                       |   FF   |
+-----------------------+--------+
|sine_lut_V_addr_reg_104|   12   |
+-----------------------+--------+
|         Total         |   12   |
+-----------------------+--------+

* Multiplexer (MUX) list: 
|------------------|------|------|------|--------||---------||---------|
|       Comp       |  Pin | Size |  BW  | S x BW ||  Delay  ||   LUT   |
|------------------|------|------|------|--------||---------||---------|
| grp_access_fu_66 |  p0  |   2  |  12  |   24   ||    9    |
|------------------|------|------|------|--------||---------||---------|
|       Total      |      |      |      |   24   ||  1.588  ||    9    |
|------------------|------|------|------|--------||---------||---------|



* Summary:
+-----------+--------+--------+--------+--------+
|           |  BRAM  |  Delay |   FF   |   LUT  |
+-----------+--------+--------+--------+--------+
|  Function |    -   |    -   |    0   |   23   |
|   Memory  |    4   |    -   |    0   |    0   |
|Multiplexer|    -   |    1   |    -   |    9   |
|  Register |    -   |    -   |   12   |    -   |
+-----------+--------+--------+--------+--------+
|   Total   |    4   |    1   |   12   |   32   |
+-----------+--------+--------+--------+--------+
