

================================================================
== Vitis HLS Report for 'nco'
================================================================
* Date:           Sat Jun  6 08:43:22 2026

* Version:        2022.2 (Build 3670227 on Oct 13 2022)
* Project:        hls_nco
* Solution:       solution1 (Vivado IP Flow Target)
* Product family: zynq
* Target device:  xc7z020-clg484-1


================================================================
== Performance Estimates
================================================================
+ Timing: 
    * Summary: 
    +--------+----------+----------+------------+
    |  Clock |  Target  | Estimated| Uncertainty|
    +--------+----------+----------+------------+
    |ap_clk  |  10.00 ns|  6.331 ns|     2.70 ns|
    +--------+----------+----------+------------+

+ Latency: 
    * Summary: 
    +---------+---------+-----------+-----------+-----+-----+---------+
    |  Latency (cycles) |   Latency (absolute)  |  Interval | Pipeline|
    |   min   |   max   |    min    |    max    | min | max |   Type  |
    +---------+---------+-----------+-----------+-----+-----+---------+
    |        1|        1|  10.000 ns|  10.000 ns|    2|    2|       no|
    +---------+---------+-----------+-----------+-----+-----+---------+

    + Detail: 
        * Instance: 
        N/A

        * Loop: 
        N/A

============================================================
+ Verbose Summary: Synthesis Manager
============================================================
InlineROM: 1
ExposeGlobal: 0
============================================================
+ Verbose Summary: CDFG Model
============================================================
IsTopModel: 1
ResetActiveHigh: 1
IsCombinational: 0
IsDatapathOnly: 0
HasWiredReturn: 1
HasMFsm: 0
HasVarLatency: 1
IsPipeline: 0
IsRtlPipelined: 0
IsInstanceOverlapped: 0
IsDontTouch: 0
HasImplIP: 0
IsGatedGlobalClock: 0


============================================================
+ Verbose Summary: Schedule
============================================================
* Number of FSM states : 2
* Pipeline : 0
* Dataflow Pipeline: 0

* FSM state transitions: 
1 --> 2 
2 --> 

* FSM state operations: 

State 1 <SV = 0> <Delay = 6.33>
ST_1 : Operation 3 [1/1] (1.00ns)   --->   "%step_size_read = read i16 @_ssdm_op_Read.s_axilite.i16, i16 %step_size" [nco.cpp:421]   --->   Operation 3 'read' 'step_size_read' <Predicate = true> <Delay = 1.00> <CoreInst = "s_axilite">   --->   Core 114 's_axilite' <Latency = 0> <II = 1> <Delay = 1.00> <Adapter> <Opcode : 'read' 'write'>
ST_1 : Operation 4 [1/1] (0.00ns)   --->   "%temp_V_load = load i16 %temp_V"   --->   Operation 4 'load' 'temp_V_load' <Predicate = true> <Delay = 0.00>
ST_1 : Operation 5 [1/1] (2.07ns)   --->   "%add_ln813 = add i16 %temp_V_load, i16 %step_size_read"   --->   Operation 5 'add' 'add_ln813' <Predicate = true> <Delay = 2.07> <CoreInst = "Adder">   --->   Core 1 'Adder' <Latency = 0> <II = 1> <Delay = 2.07> <FuncUnit> <Opcode : 'add' 'sub'> <InPorts = 2> <OutPorts = 1>
ST_1 : Operation 6 [1/1] (0.00ns)   --->   "%store_ln813 = store i16 %add_ln813, i16 %temp_V"   --->   Operation 6 'store' 'store_ln813' <Predicate = true> <Delay = 0.00>
ST_1 : Operation 7 [1/1] (0.00ns)   --->   "%address_V = partselect i12 @_ssdm_op_PartSelect.i12.i16.i32.i32, i16 %add_ln813, i32 4, i32 15"   --->   Operation 7 'partselect' 'address_V' <Predicate = true> <Delay = 0.00>
ST_1 : Operation 8 [1/1] (0.00ns)   --->   "%zext_ln436 = zext i12 %address_V" [nco.cpp:436]   --->   Operation 8 'zext' 'zext_ln436' <Predicate = true> <Delay = 0.00>
ST_1 : Operation 9 [1/1] (0.00ns)   --->   "%sine_lut_V_addr = getelementptr i16 %sine_lut_V, i64 0, i64 %zext_ln436" [nco.cpp:436]   --->   Operation 9 'getelementptr' 'sine_lut_V_addr' <Predicate = true> <Delay = 0.00>
ST_1 : Operation 10 [2/2] (3.25ns)   --->   "%sine_lut_V_load = load i12 %sine_lut_V_addr" [nco.cpp:436]   --->   Operation 10 'load' 'sine_lut_V_load' <Predicate = true> <Delay = 3.25> <CoreInst = "ROM">   --->   Core 95 'ROM' <Latency = 1> <II = 1> <Delay = 3.25> <Storage> <Opcode : 'load'> <Ports = 0> <Width = 16> <Depth = 4096> <ROM>

State 2 <SV = 1> <Delay = 4.25>
ST_2 : Operation 11 [1/1] (0.00ns)   --->   "%spectopmodule_ln421 = spectopmodule void @_ssdm_op_SpecTopModule, void @empty_6" [nco.cpp:421]   --->   Operation 11 'spectopmodule' 'spectopmodule_ln421' <Predicate = true> <Delay = 0.00>
ST_2 : Operation 12 [1/1] (0.00ns)   --->   "%specbitsmap_ln0 = specbitsmap void @_ssdm_op_SpecBitsMap, i16 %sine_sample"   --->   Operation 12 'specbitsmap' 'specbitsmap_ln0' <Predicate = true> <Delay = 0.00>
ST_2 : Operation 13 [1/1] (0.00ns)   --->   "%specinterface_ln0 = specinterface void @_ssdm_op_SpecInterface, i16 %sine_sample, void @empty, i32 0, i32 0, void @empty_0, i32 0, i32 0, void @empty_1, void @empty_2, void @empty_0, i32 0, i32 0, i32 0, i32 0, void @empty_0, void @empty_0, i32 4294967295, i32 0"   --->   Operation 13 'specinterface' 'specinterface_ln0' <Predicate = true> <Delay = 0.00>
ST_2 : Operation 14 [1/1] (0.00ns)   --->   "%specinterface_ln0 = specinterface void @_ssdm_op_SpecInterface, i16 %sine_sample, void @empty_3, i32 0, i32 0, void @empty_0, i32 0, i32 0, void @empty_0, void @empty_0, void @empty_0, i32 0, i32 0, i32 0, i32 0, void @empty_0, void @empty_0, i32 4294967295, i32 0"   --->   Operation 14 'specinterface' 'specinterface_ln0' <Predicate = true> <Delay = 0.00>
ST_2 : Operation 15 [1/1] (0.00ns)   --->   "%specbitsmap_ln0 = specbitsmap void @_ssdm_op_SpecBitsMap, i16 %step_size"   --->   Operation 15 'specbitsmap' 'specbitsmap_ln0' <Predicate = true> <Delay = 0.00>
ST_2 : Operation 16 [1/1] (0.00ns)   --->   "%specinterface_ln0 = specinterface void @_ssdm_op_SpecInterface, i16 %step_size, void @empty, i32 0, i32 0, void @empty_0, i32 0, i32 0, void @empty_1, void @empty_4, void @empty_0, i32 0, i32 0, i32 0, i32 0, void @empty_0, void @empty_0, i32 4294967295, i32 0"   --->   Operation 16 'specinterface' 'specinterface_ln0' <Predicate = true> <Delay = 0.00>
ST_2 : Operation 17 [1/1] (0.00ns)   --->   "%specinterface_ln0 = specinterface void @_ssdm_op_SpecInterface, i16 %step_size, void @empty_3, i32 0, i32 0, void @empty_0, i32 0, i32 0, void @empty_0, void @empty_0, void @empty_0, i32 0, i32 0, i32 0, i32 0, void @empty_0, void @empty_0, i32 4294967295, i32 0"   --->   Operation 17 'specinterface' 'specinterface_ln0' <Predicate = true> <Delay = 0.00>
ST_2 : Operation 18 [1/1] (0.00ns)   --->   "%specinterface_ln0 = specinterface void @_ssdm_op_SpecInterface, i32 0, void @empty, i32 0, i32 0, void @empty_0, i32 0, i32 0, void @empty_5, void @empty_0, void @empty_0, i32 0, i32 0, i32 0, i32 0, void @empty_0, void @empty_0, i32 4294967295, i32 0"   --->   Operation 18 'specinterface' 'specinterface_ln0' <Predicate = true> <Delay = 0.00>
ST_2 : Operation 19 [1/2] (3.25ns)   --->   "%sine_lut_V_load = load i12 %sine_lut_V_addr" [nco.cpp:436]   --->   Operation 19 'load' 'sine_lut_V_load' <Predicate = true> <Delay = 3.25> <CoreInst = "ROM">   --->   Core 95 'ROM' <Latency = 1> <II = 1> <Delay = 3.25> <Storage> <Opcode : 'load'> <Ports = 0> <Width = 16> <Depth = 4096> <ROM>
ST_2 : Operation 20 [1/1] (1.00ns)   --->   "%write_ln436 = write void @_ssdm_op_Write.s_axilite.i16P0A, i16 %sine_sample, i16 %sine_lut_V_load" [nco.cpp:436]   --->   Operation 20 'write' 'write_ln436' <Predicate = true> <Delay = 1.00> <CoreInst = "s_axilite">   --->   Core 114 's_axilite' <Latency = 0> <II = 1> <Delay = 1.00> <Adapter> <Opcode : 'read' 'write'>
ST_2 : Operation 21 [1/1] (0.00ns)   --->   "%ret_ln437 = ret" [nco.cpp:437]   --->   Operation 21 'ret' 'ret_ln437' <Predicate = true> <Delay = 0.00>


============================================================
+ Verbose Summary: Timing violations
============================================================
Target clock period: 10ns, clock uncertainty: 2.7ns.

 <State 1>: 6.33ns
The critical path consists of the following:
	s_axi read operation ('step_size_read', nco.cpp:421) on port 'step_size' (nco.cpp:421) [13]  (1 ns)
	'add' operation ('add_ln813') [15]  (2.08 ns)
	'getelementptr' operation ('sine_lut_V_addr', nco.cpp:436) [19]  (0 ns)
	'load' operation ('sine_lut_V_load', nco.cpp:436) on array 'sine_lut_V' [20]  (3.25 ns)

 <State 2>: 4.25ns
The critical path consists of the following:
	'load' operation ('sine_lut_V_load', nco.cpp:436) on array 'sine_lut_V' [20]  (3.25 ns)
	s_axi write operation ('write_ln436', nco.cpp:436) on port 'sine_sample' (nco.cpp:436) [21]  (1 ns)


============================================================
+ Verbose Summary: Binding
============================================================
N/A
* FSMD analyzer results:
  - Output states:
 - Input state : 
  - Chain level:
	State 1
	State 2


============================================================
+ Verbose Summary: Datapath Resource usage 
============================================================
N/A
